c:\development\sample_v40_002\win32-build\sample_v40_002.dir\debug\main.obj
c:\development\sample_v40_002\win32-build\sample_v40_002.dir\debug\appdelegate.obj
c:\development\sample_v40_002\win32-build\sample_v40_002.dir\debug\helloworldscene.obj
c:\development\sample_v40_002\win32-build\sample_v40_002.dir\debug\precheader.obj
c:\development\sample_v40_002\win32-build\sample_v40_002.dir\debug\gles-render.obj
c:\development\sample_v40_002\win32-build\sample_v40_002.dir\debug\blocksprite.obj
c:\development\sample_v40_002\win32-build\sample_v40_002.dir\debug\vc142.pdb
c:\development\sample_v40_002\win32-build\cmakefiles\generate.stamp
c:\development\sample_v40_002\win32-build\sample_v40_002.dir\debug\game.res
c:\development\sample_v40_002\win32-build\bin\sample_v40_002\debug\sample_v40_002.pdb
c:\development\sample_v40_002\win32-build\sample_v40_002.dir\debug\sample_v40_002.tlog\cl.11792.write.1.tlog
c:\development\sample_v40_002\win32-build\sample_v40_002.dir\debug\sample_v40_002.tlog\cl.command.1.tlog
c:\development\sample_v40_002\win32-build\sample_v40_002.dir\debug\sample_v40_002.tlog\cl.read.1.tlog
c:\development\sample_v40_002\win32-build\sample_v40_002.dir\debug\sample_v40_002.tlog\custombuild.command.1.tlog
c:\development\sample_v40_002\win32-build\sample_v40_002.dir\debug\sample_v40_002.tlog\custombuild.read.1.tlog
c:\development\sample_v40_002\win32-build\sample_v40_002.dir\debug\sample_v40_002.tlog\custombuild.write.1.tlog
c:\development\sample_v40_002\win32-build\sample_v40_002.dir\debug\sample_v40_002.tlog\link-cvtres.read.1.tlog
c:\development\sample_v40_002\win32-build\sample_v40_002.dir\debug\sample_v40_002.tlog\link-cvtres.write.1.tlog
c:\development\sample_v40_002\win32-build\sample_v40_002.dir\debug\sample_v40_002.tlog\link-rc.read.1.tlog
c:\development\sample_v40_002\win32-build\sample_v40_002.dir\debug\sample_v40_002.tlog\link-rc.write.1.tlog
c:\development\sample_v40_002\win32-build\sample_v40_002.dir\debug\sample_v40_002.tlog\link.command.1.tlog
c:\development\sample_v40_002\win32-build\sample_v40_002.dir\debug\sample_v40_002.tlog\link.read.1.tlog
c:\development\sample_v40_002\win32-build\sample_v40_002.dir\debug\sample_v40_002.tlog\link.read.2.tlog
c:\development\sample_v40_002\win32-build\sample_v40_002.dir\debug\sample_v40_002.tlog\link.read.3.tlog
c:\development\sample_v40_002\win32-build\sample_v40_002.dir\debug\sample_v40_002.tlog\link.write.1.tlog
c:\development\sample_v40_002\win32-build\sample_v40_002.dir\debug\sample_v40_002.tlog\rc.command.1.tlog
c:\development\sample_v40_002\win32-build\sample_v40_002.dir\debug\sample_v40_002.tlog\rc.read.1.tlog
c:\development\sample_v40_002\win32-build\sample_v40_002.dir\debug\sample_v40_002.tlog\rc.write.1.tlog
